{"version":8,"type":"context-options","origin":"library","browserName":"chromium","options":{"userAgent":"BeamMetadata (g2gCdwJ2MXQAAAADdwVvd25lclh3DW5vbm9kZUBub2hvc3QAAAIuAAAAAAAAAAB3CXRyYXBfZXhpdHcEdHJ1ZXcEcmVwb2wAAAABdyJFbGl4aXIuUGhvZW5peFRlc3QuUGxheXdyaWdodC5SZXBvag==)","locale":"en","baseURL":"http://localhost:4002","acceptDownloads":"accept","viewport":{"width":1280,"height":720}},"platform":"darwin","wallTime":1769595797119,"monotonicTime":349.627,"sdkLanguage":"javascript","testIdAttributeName":"data-testid","contextId":"browser-context@0ad0fbd8c0b959b84847c2cac52ccb77"}
{"type":"before","callId":"call@9","startTime":351.954,"class":"Frame","method":"goto","params":{"timeout":500,"url":"/pw/live"},"pageId":"page@d3ce63b413c84cbd17d741d73f0d080c","beforeSnapshot":"before@call@9"}
{"type":"log","callId":"call@9","time":352.569,"message":"navigating to \"http://localhost:4002/pw/live\", waiting until \"load\""}
{"type":"console","messageType":"log","text":"Hey, I'm some JavaScript!","args":[{"preview":"Hey, I'm some JavaScript!","value":"Hey, I'm some JavaScript!"}],"location":{"url":"http://localhost:4002/pw/live","lineNumber":9,"columnNumber":14},"time":402.863,"pageId":"page@d3ce63b413c84cbd17d741d73f0d080c"}
{"type":"after","callId":"call@9","endTime":413.519,"result":{"response":"<Response>"},"afterSnapshot":"after@call@9"}
{"type":"before","callId":"call@10","startTime":413.955,"title":"Fill in form with test data","class":"Tracing","method":"tracingGroup","params":{},"stack":[{"file":"/Users/ftes/src/ptp/test/phoenix_test/step_test.exs","line":25,"column":0}]}
{"type":"before","callId":"call@11","startTime":414.794,"title":"Type into text input","class":"Tracing","method":"tracingGroup","params":{},"stack":[{"file":"/Users/ftes/src/ptp/test/phoenix_test/step_test.exs","line":27,"column":0}],"parentId":"call@10"}
{"type":"before","callId":"call@12","startTime":415.804,"class":"Frame","method":"type","params":{"delay":0,"selector":"#text-input","text":"Hello from custom step!","timeout":500},"pageId":"page@d3ce63b413c84cbd17d741d73f0d080c","parentId":"call@11","beforeSnapshot":"before@call@12"}
{"type":"log","callId":"call@12","time":417.244,"message":"waiting for locator('#text-input')"}
{"type":"console","messageType":"log","text":"phx-GI7eAHUZJi1aAgBL mount:  -  {0: Object, 1: , 2: , p: Object, s: 2}","args":[{"preview":"phx-GI7eAHUZJi1aAgBL mount:  - ","value":"phx-GI7eAHUZJi1aAgBL mount:  - "},{"preview":"{0: Object, 1: , 2: , p: Object, s: 2}"}],"location":{"url":"http://localhost:4002/assets/app.js","lineNumber":1729,"columnNumber":14},"time":424.438,"pageId":"page@d3ce63b413c84cbd17d741d73f0d080c"}
{"type":"log","callId":"call@12","time":427.791,"message":"  locator resolved to <input name=\"text\" id=\"text-input\"/>"}
{"type":"log","callId":"call@12","time":428.123,"message":"elementHandle.type(\"Hello from custom step!\")"}
{"type":"input","callId":"call@12","inputSnapshot":"input@call@12"}
{"type":"console","messageType":"log","text":"phx-GI7eAHUZJi1aAgBL update:  -  {1: Object, 2: Object, p: Object}","args":[{"preview":"phx-GI7eAHUZJi1aAgBL update:  - ","value":"phx-GI7eAHUZJi1aAgBL update:  - "},{"preview":"{1: Object, 2: Object, p: Object}"}],"location":{"url":"http://localhost:4002/assets/app.js","lineNumber":1729,"columnNumber":14},"time":441.369,"pageId":"page@d3ce63b413c84cbd17d741d73f0d080c"}
{"type":"after","callId":"call@12","endTime":448.089,"afterSnapshot":"after@call@12"}
{"type":"after","callId":"call@11","endTime":448.281}
{"type":"before","callId":"call@14","startTime":448.555,"title":"Verify form data changed","class":"Tracing","method":"tracingGroup","params":{},"stack":[{"file":"/Users/ftes/src/ptp/test/phoenix_test/step_test.exs","line":30,"column":0}],"parentId":"call@10"}
{"type":"before","callId":"call@15","startTime":449.558,"class":"Frame","method":"expect","params":{"expression":"to.be.visible","isNot":false,"selector":"css=#changed-form-data >> visible=true >> internal:text=\"text: Hello from custom step!\"i >> nth=0","timeout":500},"pageId":"page@d3ce63b413c84cbd17d741d73f0d080c","parentId":"call@14","beforeSnapshot":"before@call@15"}
{"type":"log","callId":"call@15","time":450.062,"message":"Expect \"to.be.visible\" with timeout 500ms"}
{"type":"log","callId":"call@15","time":450.067,"message":"waiting for locator('#changed-form-data').filter({ visible: true }).getByText('text: Hello from custom step!').first()"}
{"type":"console","messageType":"log","text":"phx-GI7eAHUZJi1aAgBL update:  -  {1: Object, 2: Object}","args":[{"preview":"phx-GI7eAHUZJi1aAgBL update:  - ","value":"phx-GI7eAHUZJi1aAgBL update:  - "},{"preview":"{1: Object, 2: Object}"}],"location":{"url":"http://localhost:4002/assets/app.js","lineNumber":1729,"columnNumber":14},"time":458.872,"pageId":"page@d3ce63b413c84cbd17d741d73f0d080c"}
{"type":"console","messageType":"log","text":"phx-GI7eAHUZJi1aAgBL update:  -  {1: Object, 2: Object}","args":[{"preview":"phx-GI7eAHUZJi1aAgBL update:  - ","value":"phx-GI7eAHUZJi1aAgBL update:  - "},{"preview":"{1: Object, 2: Object}"}],"location":{"url":"http://localhost:4002/assets/app.js","lineNumber":1729,"columnNumber":14},"time":459.305,"pageId":"page@d3ce63b413c84cbd17d741d73f0d080c"}
{"type":"console","messageType":"log","text":"phx-GI7eAHUZJi1aAgBL update:  -  {1: Object, 2: Object}","args":[{"preview":"phx-GI7eAHUZJi1aAgBL update:  - ","value":"phx-GI7eAHUZJi1aAgBL update:  - "},{"preview":"{1: Object, 2: Object}"}],"location":{"url":"http://localhost:4002/assets/app.js","lineNumber":1729,"columnNumber":14},"time":459.732,"pageId":"page@d3ce63b413c84cbd17d741d73f0d080c"}
{"type":"console","messageType":"log","text":"phx-GI7eAHUZJi1aAgBL update:  -  {1: Object, 2: Object}","args":[{"preview":"phx-GI7eAHUZJi1aAgBL update:  - ","value":"phx-GI7eAHUZJi1aAgBL update:  - "},{"preview":"{1: Object, 2: Object}"}],"location":{"url":"http://localhost:4002/assets/app.js","lineNumber":1729,"columnNumber":14},"time":459.854,"pageId":"page@d3ce63b413c84cbd17d741d73f0d080c"}
{"type":"console","messageType":"log","text":"phx-GI7eAHUZJi1aAgBL update:  -  {1: Object, 2: Object}","args":[{"preview":"phx-GI7eAHUZJi1aAgBL update:  - ","value":"phx-GI7eAHUZJi1aAgBL update:  - "},{"preview":"{1: Object, 2: Object}"}],"location":{"url":"http://localhost:4002/assets/app.js","lineNumber":1729,"columnNumber":14},"time":460.045,"pageId":"page@d3ce63b413c84cbd17d741d73f0d080c"}
{"type":"console","messageType":"log","text":"phx-GI7eAHUZJi1aAgBL update:  -  {1: Object, 2: Object}","args":[{"preview":"phx-GI7eAHUZJi1aAgBL update:  - ","value":"phx-GI7eAHUZJi1aAgBL update:  - "},{"preview":"{1: Object, 2: Object}"}],"location":{"url":"http://localhost:4002/assets/app.js","lineNumber":1729,"columnNumber":14},"time":460.273,"pageId":"page@d3ce63b413c84cbd17d741d73f0d080c"}
{"type":"console","messageType":"log","text":"phx-GI7eAHUZJi1aAgBL update:  -  {1: Object, 2: Object}","args":[{"preview":"phx-GI7eAHUZJi1aAgBL update:  - ","value":"phx-GI7eAHUZJi1aAgBL update:  - "},{"preview":"{1: Object, 2: Object}"}],"location":{"url":"http://localhost:4002/assets/app.js","lineNumber":1729,"columnNumber":14},"time":460.502,"pageId":"page@d3ce63b413c84cbd17d741d73f0d080c"}
{"type":"console","messageType":"log","text":"phx-GI7eAHUZJi1aAgBL update:  -  {1: Object, 2: Object}","args":[{"preview":"phx-GI7eAHUZJi1aAgBL update:  - ","value":"phx-GI7eAHUZJi1aAgBL update:  - "},{"preview":"{1: Object, 2: Object}"}],"location":{"url":"http://localhost:4002/assets/app.js","lineNumber":1729,"columnNumber":14},"time":460.725,"pageId":"page@d3ce63b413c84cbd17d741d73f0d080c"}
{"type":"console","messageType":"log","text":"phx-GI7eAHUZJi1aAgBL update:  -  {1: Object, 2: Object}","args":[{"preview":"phx-GI7eAHUZJi1aAgBL update:  - ","value":"phx-GI7eAHUZJi1aAgBL update:  - "},{"preview":"{1: Object, 2: Object}"}],"location":{"url":"http://localhost:4002/assets/app.js","lineNumber":1729,"columnNumber":14},"time":460.952,"pageId":"page@d3ce63b413c84cbd17d741d73f0d080c"}
{"type":"console","messageType":"log","text":"phx-GI7eAHUZJi1aAgBL update:  -  {1: Object, 2: Object}","args":[{"preview":"phx-GI7eAHUZJi1aAgBL update:  - ","value":"phx-GI7eAHUZJi1aAgBL update:  - "},{"preview":"{1: Object, 2: Object}"}],"location":{"url":"http://localhost:4002/assets/app.js","lineNumber":1729,"columnNumber":14},"time":461.158,"pageId":"page@d3ce63b413c84cbd17d741d73f0d080c"}
{"type":"console","messageType":"log","text":"phx-GI7eAHUZJi1aAgBL update:  -  {1: Object, 2: Object}","args":[{"preview":"phx-GI7eAHUZJi1aAgBL update:  - ","value":"phx-GI7eAHUZJi1aAgBL update:  - "},{"preview":"{1: Object, 2: Object}"}],"location":{"url":"http://localhost:4002/assets/app.js","lineNumber":1729,"columnNumber":14},"time":461.26,"pageId":"page@d3ce63b413c84cbd17d741d73f0d080c"}
{"type":"console","messageType":"log","text":"phx-GI7eAHUZJi1aAgBL update:  -  {1: Object, 2: Object}","args":[{"preview":"phx-GI7eAHUZJi1aAgBL update:  - ","value":"phx-GI7eAHUZJi1aAgBL update:  - "},{"preview":"{1: Object, 2: Object}"}],"location":{"url":"http://localhost:4002/assets/app.js","lineNumber":1729,"columnNumber":14},"time":461.437,"pageId":"page@d3ce63b413c84cbd17d741d73f0d080c"}
{"type":"console","messageType":"log","text":"phx-GI7eAHUZJi1aAgBL update:  -  {1: Object, 2: Object}","args":[{"preview":"phx-GI7eAHUZJi1aAgBL update:  - ","value":"phx-GI7eAHUZJi1aAgBL update:  - "},{"preview":"{1: Object, 2: Object}"}],"location":{"url":"http://localhost:4002/assets/app.js","lineNumber":1729,"columnNumber":14},"time":462.007,"pageId":"page@d3ce63b413c84cbd17d741d73f0d080c"}
{"type":"console","messageType":"log","text":"phx-GI7eAHUZJi1aAgBL update:  -  {1: Object, 2: Object}","args":[{"preview":"phx-GI7eAHUZJi1aAgBL update:  - ","value":"phx-GI7eAHUZJi1aAgBL update:  - "},{"preview":"{1: Object, 2: Object}"}],"location":{"url":"http://localhost:4002/assets/app.js","lineNumber":1729,"columnNumber":14},"time":462.239,"pageId":"page@d3ce63b413c84cbd17d741d73f0d080c"}
{"type":"console","messageType":"log","text":"phx-GI7eAHUZJi1aAgBL update:  -  {1: Object, 2: Object}","args":[{"preview":"phx-GI7eAHUZJi1aAgBL update:  - ","value":"phx-GI7eAHUZJi1aAgBL update:  - "},{"preview":"{1: Object, 2: Object}"}],"location":{"url":"http://localhost:4002/assets/app.js","lineNumber":1729,"columnNumber":14},"time":462.428,"pageId":"page@d3ce63b413c84cbd17d741d73f0d080c"}
{"type":"console","messageType":"log","text":"phx-GI7eAHUZJi1aAgBL update:  -  {1: Object, 2: Object}","args":[{"preview":"phx-GI7eAHUZJi1aAgBL update:  - ","value":"phx-GI7eAHUZJi1aAgBL update:  - "},{"preview":"{1: Object, 2: Object}"}],"location":{"url":"http://localhost:4002/assets/app.js","lineNumber":1729,"columnNumber":14},"time":462.638,"pageId":"page@d3ce63b413c84cbd17d741d73f0d080c"}
{"type":"console","messageType":"log","text":"phx-GI7eAHUZJi1aAgBL update:  -  {1: Object, 2: Object}","args":[{"preview":"phx-GI7eAHUZJi1aAgBL update:  - ","value":"phx-GI7eAHUZJi1aAgBL update:  - "},{"preview":"{1: Object, 2: Object}"}],"location":{"url":"http://localhost:4002/assets/app.js","lineNumber":1729,"columnNumber":14},"time":462.75,"pageId":"page@d3ce63b413c84cbd17d741d73f0d080c"}
{"type":"console","messageType":"log","text":"phx-GI7eAHUZJi1aAgBL update:  -  {1: Object, 2: Object}","args":[{"preview":"phx-GI7eAHUZJi1aAgBL update:  - ","value":"phx-GI7eAHUZJi1aAgBL update:  - "},{"preview":"{1: Object, 2: Object}"}],"location":{"url":"http://localhost:4002/assets/app.js","lineNumber":1729,"columnNumber":14},"time":462.937,"pageId":"page@d3ce63b413c84cbd17d741d73f0d080c"}
{"type":"console","messageType":"log","text":"phx-GI7eAHUZJi1aAgBL update:  -  {1: Object, 2: Object}","args":[{"preview":"phx-GI7eAHUZJi1aAgBL update:  - ","value":"phx-GI7eAHUZJi1aAgBL update:  - "},{"preview":"{1: Object, 2: Object}"}],"location":{"url":"http://localhost:4002/assets/app.js","lineNumber":1729,"columnNumber":14},"time":463.074,"pageId":"page@d3ce63b413c84cbd17d741d73f0d080c"}
{"type":"console","messageType":"log","text":"phx-GI7eAHUZJi1aAgBL update:  -  {1: Object, 2: Object}","args":[{"preview":"phx-GI7eAHUZJi1aAgBL update:  - ","value":"phx-GI7eAHUZJi1aAgBL update:  - "},{"preview":"{1: Object, 2: Object}"}],"location":{"url":"http://localhost:4002/assets/app.js","lineNumber":1729,"columnNumber":14},"time":463.254,"pageId":"page@d3ce63b413c84cbd17d741d73f0d080c"}
{"type":"console","messageType":"log","text":"phx-GI7eAHUZJi1aAgBL update:  -  {1: Object, 2: Object}","args":[{"preview":"phx-GI7eAHUZJi1aAgBL update:  - ","value":"phx-GI7eAHUZJi1aAgBL update:  - "},{"preview":"{1: Object, 2: Object}"}],"location":{"url":"http://localhost:4002/assets/app.js","lineNumber":1729,"columnNumber":14},"time":463.42,"pageId":"page@d3ce63b413c84cbd17d741d73f0d080c"}
{"type":"console","messageType":"log","text":"phx-GI7eAHUZJi1aAgBL update:  -  {1: Object, 2: Object}","args":[{"preview":"phx-GI7eAHUZJi1aAgBL update:  - ","value":"phx-GI7eAHUZJi1aAgBL update:  - "},{"preview":"{1: Object, 2: Object}"}],"location":{"url":"http://localhost:4002/assets/app.js","lineNumber":1729,"columnNumber":14},"time":463.581,"pageId":"page@d3ce63b413c84cbd17d741d73f0d080c"}
{"type":"log","callId":"call@15","time":552.948,"message":"  locator resolved to <dl id=\"changed-form-data\">…</dl>"}
{"type":"after","callId":"call@15","endTime":553.211,"result":{"matches":true,"received":{"s":"visible"}},"afterSnapshot":"after@call@15"}
{"type":"after","callId":"call@14","endTime":553.464}
{"type":"after","callId":"call@10","endTime":553.578}
